00000000000i[     ] Bochs x86 Emulator 2.6
00000000000i[     ]   Built from SVN snapshot on September 2nd, 2012
00000000000i[     ] System configuration
00000000000i[     ]   processors: 1 (cores=1, HT threads=1)
00000000000i[     ]   A20 line support: yes
00000000000i[     ] IPS is set to 4000000
00000000000i[     ] CPU configuration
00000000000i[     ]   level: 6
00000000000i[     ]   SMP support: no
00000000000i[     ]   APIC support: xapic
00000000000i[     ]   FPU support: yes
00000000000i[     ]   MMX support: yes
00000000000i[     ]   3dnow! support: no
00000000000i[     ]   SEP support: yes
00000000000i[     ]   SSE support: sse2
00000000000i[     ]   XSAVE support: no 
00000000000i[     ]   AES support: no
00000000000i[     ]   MOVBE support: no
00000000000i[     ]   ADX support: no
00000000000i[     ]   x86-64 support: yes
00000000000i[     ]   1G paging support: no
00000000000i[     ]   MWAIT support: yes
00000000000i[     ]   AVX support: no
00000000000i[     ]   VMX support: 1
00000000000i[     ] Optimization configuration
00000000000i[     ]   RepeatSpeedups support: yes
00000000000i[     ]   Fast function calls: yes
00000000000i[     ]   Handlers Chaining speedups: no
00000000000i[     ] Devices configuration
00000000000i[     ]   NE2000 support: yes
00000000000i[     ]   PCI support: yes, enabled=yes
00000000000i[     ]   SB16 support: yes
00000000000i[     ]   USB support: yes
00000000000i[     ]   VGA extension support: vbe cirrus
00000000000i[MEM0 ] allocated memory at 0x7f3ae2f8f010. after alignment, vector=0x7f3ae2f90000
00000000000i[MEM0 ] 128.00MB
00000000000i[MEM0 ] mem block size = 0x00100000, blocks=128
00000000000i[MEM0 ] rom at 0xfffe0000/131072 ('/usr/share/bochs/BIOS-bochs-latest')
00000000000i[     ] lt_dlhandle is 0x2bdc7f0
00000000000i[PLGIN] loaded plugin libbx_hdimage.so
00000000000i[     ] lt_dlhandle is 0x2bdd180
00000000000i[PLGIN] loaded plugin libbx_pci.so
00000000000i[     ] lt_dlhandle is 0x2bddd00
00000000000i[PLGIN] loaded plugin libbx_pci2isa.so
00000000000i[     ] lt_dlhandle is 0x2bde710
00000000000i[PLGIN] loaded plugin libbx_acpi.so
00000000000i[     ] lt_dlhandle is 0x2bdf110
00000000000i[PLGIN] loaded plugin libbx_cmos.so
00000000000i[     ] lt_dlhandle is 0x2bdfa50
00000000000i[PLGIN] loaded plugin libbx_dma.so
00000000000i[     ] lt_dlhandle is 0x2be04e0
00000000000i[PLGIN] loaded plugin libbx_pic.so
00000000000i[     ] lt_dlhandle is 0x2be0d80
00000000000i[PLGIN] loaded plugin libbx_pit.so
00000000000i[     ] lt_dlhandle is 0x2be17b0
00000000000i[PLGIN] loaded plugin libbx_floppy.so
00000000000i[     ] lt_dlhandle is 0x2be23a0
00000000000i[PLGIN] loaded plugin libbx_vga.so
00000000000i[     ] lt_dlhandle is 0x2be2b30
00000000000i[PLGIN] loaded plugin libbx_ioapic.so
00000000000i[     ] lt_dlhandle is 0x2be3570
00000000000i[PLGIN] loaded plugin libbx_keyboard.so
00000000000i[     ] lt_dlhandle is 0x2be3e50
00000000000i[PLGIN] loaded plugin libbx_harddrv.so
00000000000i[     ] lt_dlhandle is 0x2bf5ef0
00000000000i[PLGIN] loaded plugin libbx_pci_ide.so
00000000000i[PLGIN] init_dev of 'pci' plugin device by virtual method
00000000000i[PCI  ] 440FX Host bridge present at device 0, function 0
00000000000i[PLGIN] init_dev of 'pci2isa' plugin device by virtual method
00000000000i[PCI  ] PIIX3 PCI-to-ISA bridge present at device 1, function 0
00000000000i[PLGIN] init_dev of 'cmos' plugin device by virtual method
00000000000i[CMOS ] Using local time for initial clock
00000000000i[CMOS ] Setting initial clock to: Mon Feb 19 11:22:19 2018 (time0=1519068139)
00000000000i[PLGIN] init_dev of 'dma' plugin device by virtual method
00000000000i[DMA  ] channel 4 used by cascade
00000000000i[PLGIN] init_dev of 'pic' plugin device by virtual method
00000000000i[PLGIN] init_dev of 'pit' plugin device by virtual method
00000000000i[PLGIN] init_dev of 'floppy' plugin device by virtual method
00000000000i[DMA  ] channel 2 used by Floppy Drive
00000000000i[PLGIN] init_dev of 'vga' plugin device by virtual method
00000000000i[MEM0 ] Register memory access handlers: 0x00000000000a0000 - 0x00000000000bffff
00000000000i[VGA  ] interval=200000
00000000000i[MEM0 ] Register memory access handlers: 0x00000000e0000000 - 0x00000000e0ffffff
00000000000i[BXVGA] VBE Bochs Display Extension Enabled
00000000000i[XGUI ] test_alloc_colors: 16 colors available out of 16 colors tried
00000000000i[XGUI ] font 8 wide x 16 high, display depth = 24
00000000000i[MEM0 ] rom at 0xc0000/41472 ('/usr/share/bochs/VGABIOS-lgpl-latest')
00000000000i[PLGIN] init_dev of 'acpi' plugin device by virtual method
00000000000i[PCI  ] ACPI Controller present at device 1, function 3
00000000000i[PLGIN] init_dev of 'ioapic' plugin device by virtual method
00000000000i[IOAP ] initializing I/O APIC
00000000000i[MEM0 ] Register memory access handlers: 0x00000000fec00000 - 0x00000000fec00fff
00000000000i[PLGIN] init_dev of 'keyboard' plugin device by virtual method
00000000000i[KBD  ] will paste characters every 1000 keyboard ticks
00000000000i[PLGIN] init_dev of 'harddrv' plugin device by virtual method
00000000000i[HD   ] HD on ata0-0: '/home/meonubuntu/ecs251/cse591lab/obj/kern/kernel.img', 'flat' mode
00000000000i[IMG  ] hd_size: 10240000
00000000000i[HD   ] ata0-0: using specified geometry: CHS=1/1/32
00000000000i[HD   ] ata0-0: extra data outside of CHS address range
00000000000i[HD   ] HD on ata0-1: '/home/meonubuntu/ecs251/cse591lab/obj/fs/fs.img', 'flat' mode
00000000000i[IMG  ] hd_size: 16777216
00000000000i[HD   ] ata0-1: using specified geometry: CHS=1/1/32
00000000000i[HD   ] ata0-1: extra data outside of CHS address range
00000000000i[HD   ] translation on ata0-0 set to 'none'
00000000000i[HD   ] translation on ata0-1 set to 'none'
00000000000i[HD   ] Using boot sequence floppy, disk, none
00000000000i[HD   ] Floppy boot signature check is enabled
00000000000i[PLGIN] init_dev of 'pci_ide' plugin device by virtual method
00000000000i[PCI  ] PIIX3 PCI IDE controller present at device 1, function 1
00000000000i[PLGIN] init_dev of 'unmapped' plugin device by virtual method
00000000000i[PLGIN] init_dev of 'biosdev' plugin device by virtual method
00000000000i[PLGIN] init_dev of 'speaker' plugin device by virtual method
00000000000i[PLGIN] init_dev of 'extfpuirq' plugin device by virtual method
00000000000i[PLGIN] init_dev of 'parallel' plugin device by virtual method
00000000000i[PAR  ] parallel port 1 at 0x0378 irq 7
00000000000i[PLGIN] init_dev of 'serial' plugin device by virtual method
00000000000i[SER  ] com1 at 0x03f8 irq 4
00000000000i[PLGIN] init_dev of 'gameport' plugin device by virtual method
00000000000i[PLGIN] init_dev of 'iodebug' plugin device by virtual method
00000000000i[PLGIN] register state of 'pci' plugin device by virtual method
00000000000i[PLGIN] register state of 'pci2isa' plugin device by virtual method
00000000000i[PLGIN] register state of 'cmos' plugin device by virtual method
00000000000i[PLGIN] register state of 'dma' plugin device by virtual method
00000000000i[PLGIN] register state of 'pic' plugin device by virtual method
00000000000i[PLGIN] register state of 'pit' plugin device by virtual method
00000000000i[PLGIN] register state of 'floppy' plugin device by virtual method
00000000000i[PLGIN] register state of 'vga' plugin device by virtual method
00000000000i[PLGIN] register state of 'unmapped' plugin device by virtual method
00000000000i[PLGIN] register state of 'biosdev' plugin device by virtual method
00000000000i[PLGIN] register state of 'speaker' plugin device by virtual method
00000000000i[PLGIN] register state of 'extfpuirq' plugin device by virtual method
00000000000i[PLGIN] register state of 'parallel' plugin device by virtual method
00000000000i[PLGIN] register state of 'serial' plugin device by virtual method
00000000000i[PLGIN] register state of 'gameport' plugin device by virtual method
00000000000i[PLGIN] register state of 'iodebug' plugin device by virtual method
00000000000i[PLGIN] register state of 'acpi' plugin device by virtual method
00000000000i[PLGIN] register state of 'ioapic' plugin device by virtual method
00000000000i[PLGIN] register state of 'keyboard' plugin device by virtual method
00000000000i[PLGIN] register state of 'harddrv' plugin device by virtual method
00000000000i[PLGIN] register state of 'pci_ide' plugin device by virtual method
00000000000i[SYS  ] bx_pc_system_c::Reset(HARDWARE) called
00000000000i[CPU0 ] cpu hardware reset
00000000000i[APIC0] allocate APIC id=0 (MMIO enabled) to 0x00000000fee00000
00000000000i[CPU0 ] CPUID[0x00000000]: 00000002 756e6547 6c65746e 49656e69
00000000000i[CPU0 ] CPUID[0x00000001]: 00000633 00010800 00002028 1fcbfbff
00000000000i[CPU0 ] CPUID[0x00000002]: 00410601 00000000 00000000 00000000
00000000000i[CPU0 ] CPUID[0x80000000]: 80000008 00000000 00000000 00000000
00000000000i[CPU0 ] CPUID[0x80000001]: 00000000 00000000 00000101 2a100000
00000000000i[CPU0 ] CPUID[0x80000002]: 20202020 20202020 20202020 6e492020
00000000000i[CPU0 ] CPUID[0x80000003]: 286c6574 50202952 69746e65 52286d75
00000000000i[CPU0 ] CPUID[0x80000004]: 20342029 20555043 20202020 00202020
00000000000i[CPU0 ] CPUID[0x80000005]: 01ff01ff 01ff01ff 40020140 40020140
00000000000i[CPU0 ] CPUID[0x80000006]: 00000000 42004200 02008140 00000000
00000000000i[CPU0 ] CPUID[0x80000007]: 00000000 00000000 00000000 00000000
00000000000i[CPU0 ] CPUID[0x80000008]: 00003028 00000000 00000000 00000000
00000000000i[PLGIN] reset of 'pci' plugin device by virtual method
00000000000i[PLGIN] reset of 'pci2isa' plugin device by virtual method
00000000000i[PLGIN] reset of 'cmos' plugin device by virtual method
00000000000i[PLGIN] reset of 'dma' plugin device by virtual method
00000000000i[PLGIN] reset of 'pic' plugin device by virtual method
00000000000i[PLGIN] reset of 'pit' plugin device by virtual method
00000000000i[PLGIN] reset of 'floppy' plugin device by virtual method
00000000000i[PLGIN] reset of 'vga' plugin device by virtual method
00000000000i[PLGIN] reset of 'acpi' plugin device by virtual method
00000000000i[PLGIN] reset of 'ioapic' plugin device by virtual method
00000000000i[PLGIN] reset of 'keyboard' plugin device by virtual method
00000000000i[PLGIN] reset of 'harddrv' plugin device by virtual method
00000000000i[PLGIN] reset of 'pci_ide' plugin device by virtual method
00000000000i[PLGIN] reset of 'unmapped' plugin device by virtual method
00000000000i[PLGIN] reset of 'biosdev' plugin device by virtual method
00000000000i[PLGIN] reset of 'speaker' plugin device by virtual method
00000000000e[SPEAK] Failed to open /dev/console: Permission denied
00000000000e[SPEAK] Deactivating beep on console
00000000000i[PLGIN] reset of 'extfpuirq' plugin device by virtual method
00000000000i[PLGIN] reset of 'parallel' plugin device by virtual method
00000000000i[PLGIN] reset of 'serial' plugin device by virtual method
00000000000i[PLGIN] reset of 'gameport' plugin device by virtual method
00000000000i[PLGIN] reset of 'iodebug' plugin device by virtual method
00000000000i[XGUI ] Mouse capture off
00000000000i[     ] set SIGINT handler to bx_debug_ctrlc_handler
00000000000i[XGUI ] Mouse capture off
00000000025i[MEM0 ] allocate_block: block=0x0 used 0x1 of 0x80
00000004661i[BIOS ] $Revision: 11318 $ $Date: 2012-08-06 19:59:54 +0200 (Mo, 06. Aug 2012) $
00000319074i[KBD  ] reset-disable command received
00000321798i[BIOS ] Starting rombios32
00000322240i[BIOS ] Shutdown flag 0
00000322837i[BIOS ] ram_size=0x08000000
00000323287i[BIOS ] ram_end=128MB
00000363807i[BIOS ] Found 1 cpu(s)
00000377988i[BIOS ] bios_table_addr: 0x000fa438 end=0x000fcc00
00000705783i[PCI  ] 440FX PMC write to PAM register 59 (TLB Flush)
00001033715i[P2I  ] PCI IRQ routing: PIRQA# set to 0x0b
00001033739i[P2I  ] PCI IRQ routing: PIRQB# set to 0x09
00001033763i[P2I  ] PCI IRQ routing: PIRQC# set to 0x0b
00001033787i[P2I  ] PCI IRQ routing: PIRQD# set to 0x09
00001033797i[P2I  ] write: ELCR2 = 0x0a
00001034576i[BIOS ] PIIX3/PIIX4 init: elcr=00 0a
00001042256i[BIOS ] PCI: bus=0 devfn=0x00: vendor_id=0x8086 device_id=0x1237 class=0x0600
00001044535i[BIOS ] PCI: bus=0 devfn=0x08: vendor_id=0x8086 device_id=0x7000 class=0x0601
00001046653i[BIOS ] PCI: bus=0 devfn=0x09: vendor_id=0x8086 device_id=0x7010 class=0x0101
00001046882i[PIDE ] new BM-DMA address: 0xc000
00001047502i[BIOS ] region 4: 0x0000c000
00001049536i[BIOS ] PCI: bus=0 devfn=0x0b: vendor_id=0x8086 device_id=0x7113 class=0x0680
00001049766i[ACPI ] new irq line = 11
00001049780i[ACPI ] new irq line = 9
00001049807i[ACPI ] new PM base address: 0xb000
00001049821i[ACPI ] new SM base address: 0xb100
00001049849i[PCI  ] setting SMRAM control register to 0x4a
00001213943i[CPU0 ] Enter to System Management Mode
00001213943i[CPU0 ] enter_system_management_mode: temporary disable VMX while in SMM mode
00001213953i[CPU0 ] RSM: Resuming from System Management Mode
00001377974i[PCI  ] setting SMRAM control register to 0x0a
00001392876i[BIOS ] MP table addr=0x000fa510 MPC table addr=0x000fa440 size=0xc8
00001394691i[BIOS ] SMBIOS table addr=0x000fa520
00001394742i[MEM0 ] allocate_block: block=0x7f used 0x2 of 0x80
00001397670i[BIOS ] Firmware waking vector 0x7ff00cc
00001402529i[BIOS ] ACPI tables: RSDP addr=0x000fa640 ACPI DATA addr=0x07ff0000 size=0x1f22
00001402566i[PCI  ] 440FX PMC write to PAM register 59 (TLB Flush)
00001403297i[BIOS ] bios_table_cur_addr: 0x000fa664
00001530915i[VBIOS] VGABios $Id: vgabios.c,v 1.75 2011/10/15 14:07:21 vruppert Exp $
00001530986i[BXVGA] VBE known Display Interface b0c0
00001531018i[BXVGA] VBE known Display Interface b0c5
00001533943i[VBIOS] VBE Bios $Id: vbe.c,v 1.64 2011/07/19 18:25:05 vruppert Exp $
00001600001i[XGUI ] charmap update. Font Height is 16
00001878014i[BIOS ] ata0-0: PCHS=1/1/32 translation=none LCHS=1/1/32
00001931559i[BIOS ] ata0-1: PCHS=1/1/32 translation=none LCHS=1/1/32
00014142174i[BIOS ] Booting from 0000:7c00
00014143898i[MEM0 ] allocate_block: block=0x1 used 0x3 of 0x80
00014154814i[MEM0 ] allocate_block: block=0x2 used 0x4 of 0x80
00014546011i[MEM0 ] allocate_block: block=0x3 used 0x5 of 0x80
00014937179i[MEM0 ] allocate_block: block=0x4 used 0x6 of 0x80
00015328347i[MEM0 ] allocate_block: block=0x5 used 0x7 of 0x80
00017647072i[MEM0 ] allocate_block: block=0x3f used 0x8 of 0x80
00017919712i[MEM0 ] allocate_block: block=0x3e used 0x9 of 0x80
00018192352i[MEM0 ] allocate_block: block=0x3d used 0xa of 0x80
00018464992i[MEM0 ] allocate_block: block=0x3c used 0xb of 0x80
00018737632i[MEM0 ] allocate_block: block=0x3b used 0xc of 0x80
00019010272i[MEM0 ] allocate_block: block=0x3a used 0xd of 0x80
00019282912i[MEM0 ] allocate_block: block=0x39 used 0xe of 0x80
00019555552i[MEM0 ] allocate_block: block=0x38 used 0xf of 0x80
00019828192i[MEM0 ] allocate_block: block=0x37 used 0x10 of 0x80
00020100832i[MEM0 ] allocate_block: block=0x36 used 0x11 of 0x80
00020373472i[MEM0 ] allocate_block: block=0x35 used 0x12 of 0x80
00020646112i[MEM0 ] allocate_block: block=0x34 used 0x13 of 0x80
00020918752i[MEM0 ] allocate_block: block=0x33 used 0x14 of 0x80
00021191392i[MEM0 ] allocate_block: block=0x32 used 0x15 of 0x80
00021464032i[MEM0 ] allocate_block: block=0x31 used 0x16 of 0x80
00021736672i[MEM0 ] allocate_block: block=0x30 used 0x17 of 0x80
00022009312i[MEM0 ] allocate_block: block=0x2f used 0x18 of 0x80
00022281952i[MEM0 ] allocate_block: block=0x2e used 0x19 of 0x80
00022554592i[MEM0 ] allocate_block: block=0x2d used 0x1a of 0x80
00022827232i[MEM0 ] allocate_block: block=0x2c used 0x1b of 0x80
00023099872i[MEM0 ] allocate_block: block=0x2b used 0x1c of 0x80
00023372512i[MEM0 ] allocate_block: block=0x2a used 0x1d of 0x80
00023645152i[MEM0 ] allocate_block: block=0x29 used 0x1e of 0x80
00023917792i[MEM0 ] allocate_block: block=0x28 used 0x1f of 0x80
00024190432i[MEM0 ] allocate_block: block=0x27 used 0x20 of 0x80
00024463072i[MEM0 ] allocate_block: block=0x26 used 0x21 of 0x80
00024735712i[MEM0 ] allocate_block: block=0x25 used 0x22 of 0x80
00025008352i[MEM0 ] allocate_block: block=0x24 used 0x23 of 0x80
00025280992i[MEM0 ] allocate_block: block=0x23 used 0x24 of 0x80
00025553632i[MEM0 ] allocate_block: block=0x22 used 0x25 of 0x80
00025826272i[MEM0 ] allocate_block: block=0x21 used 0x26 of 0x80
00026098912i[MEM0 ] allocate_block: block=0x20 used 0x27 of 0x80
00026371552i[MEM0 ] allocate_block: block=0x1f used 0x28 of 0x80
00026644192i[MEM0 ] allocate_block: block=0x1e used 0x29 of 0x80
00026916832i[MEM0 ] allocate_block: block=0x1d used 0x2a of 0x80
00027189472i[MEM0 ] allocate_block: block=0x1c used 0x2b of 0x80
00027462112i[MEM0 ] allocate_block: block=0x1b used 0x2c of 0x80
00027734752i[MEM0 ] allocate_block: block=0x1a used 0x2d of 0x80
00028007392i[MEM0 ] allocate_block: block=0x19 used 0x2e of 0x80
00028280032i[MEM0 ] allocate_block: block=0x18 used 0x2f of 0x80
00028552672i[MEM0 ] allocate_block: block=0x17 used 0x30 of 0x80
00028825312i[MEM0 ] allocate_block: block=0x16 used 0x31 of 0x80
00029097952i[MEM0 ] allocate_block: block=0x15 used 0x32 of 0x80
00029370592i[MEM0 ] allocate_block: block=0x14 used 0x33 of 0x80
00029643232i[MEM0 ] allocate_block: block=0x13 used 0x34 of 0x80
00029915872i[MEM0 ] allocate_block: block=0x12 used 0x35 of 0x80
00030188512i[MEM0 ] allocate_block: block=0x11 used 0x36 of 0x80
00030461152i[MEM0 ] allocate_block: block=0x10 used 0x37 of 0x80
00030733792i[MEM0 ] allocate_block: block=0xf used 0x38 of 0x80
00031006432i[MEM0 ] allocate_block: block=0xe used 0x39 of 0x80
00031279072i[MEM0 ] allocate_block: block=0xd used 0x3a of 0x80
00031551712i[MEM0 ] allocate_block: block=0xc used 0x3b of 0x80
00031824352i[MEM0 ] allocate_block: block=0xb used 0x3c of 0x80
00032096992i[MEM0 ] allocate_block: block=0xa used 0x3d of 0x80
00032369632i[MEM0 ] allocate_block: block=0x9 used 0x3e of 0x80
00032642272i[MEM0 ] allocate_block: block=0x8 used 0x3f of 0x80
00032914912i[MEM0 ] allocate_block: block=0x7 used 0x40 of 0x80
00033187552i[MEM0 ] allocate_block: block=0x6 used 0x41 of 0x80
00039134304i[APIC0] set timer divide factor to 1
