6828 decimal is 15254 octal!
Physical memory: 64M available, base = 640K, extended = 64512K, npages = 16384
check_page_alloc() succeeded!
page_check() succeeded!
check_boot_pml4e() succeeded!
Abhiroop:178:kern/mpconfig.c:
Abhiroop:140:kern/mpconfig.c:
Abhiroop:111:kern/mpconfig.c:
Abhiroop:87:kern/mpconfig.c:
Abhiroop:87:kern/mpconfig.c:
SMP: too many CPUs, CPU 0 disabled
SMP: CPU 0 found 1 CPU(s)
enabled interrupts: 1 2 4
PCI: 00:00.0: 8086:1237: class: 6.0 (Bridge device) irq: 0
PCI: 00:01.0: 8086:7000: class: 6.1 (Bridge device) irq: 0
PCI: 00:01.1: 8086:7010: class: 1.1 (Storage controller) irq: 0
PCI: 00:01.3: 8086:7113: class: 6.80 (Bridge device) irq: 9
[00000000] new env 00001000
[00000000] new env 00001001
[00000000] new env 00001002
[00000000] new env 00001003
CURENV:0
In IDLE
FS is running
FS can do I/O
Device 1 presence: 1
block cache is good
superblock is good
bitmap is good
SERVINF NET NOW 
[00001002] new env 00001004
icode startup
icode: open /motd
icode: read /motd
:147
[00001002] new env 00001005
Writing MOTD
This is /motd, the message of the day.

Welcome to the JOS kernel, now with a file system!

icode: close /motd
:147
[00001002] new env 00001006
icode: spawn /sbin/init
TRAP frame at 0x8003fffd70 from CPU 0
  r15  0xef7fd780
  r14  0x00000000
  r13  0x00000000
  r12  0x00000000
  r11  0x00000000
  r10  0x005ff000
  r9  0x00000000
  r8  0x00000000
  rdi  0xef7fd780
  rsi  0xef7fd77c
  rbp  0x8003fffe70
  rbx  0xef7fd77c
  rdx  0x80007fffff
  rcx  0x00000000
  rax  0x00000000
  es   0x----0010
  ds   0x----0010
  trap 0x0000000e Page Fault
  cr2  0x00002818
  err  0x00000000 [kernel, read, not-present]
  rip  0x80042103f9
  cs   0x----0008
  flag 0x00010006
kernel panic on CPU 0 at kern/trap.c:430: Kernel Pagefaulted!
Welcome to the JOS kernel monitor!
Type 'help' for a list of commands.
K> backtracce
Unknown command 'backtracce'
K> backttrace
[1;4;36mStack backtrace:[m
